[main] DEBUG org.apache.jena.util.FileManager  - Add location: LocatorFile
[main] DEBUG org.apache.jena.util.FileManager  - Add location: ClassLoaderLocator
[main] DEBUG org.apache.jena.util.LocationMapper  - Failed to find configuration: file:location-mapping.rdf;file:location-mapping.n3;file:location-mapping.ttl;file:etc/location-mapping.rdf;file:etc/location-mapping.n3;file:etc/location-mapping.ttl
[main] DEBUG org.apache.jena.util.FileManager  - Add location: LocatorFile
[main] DEBUG org.apache.jena.util.FileManager  - Add location: LocatorURL
[main] DEBUG org.apache.jena.util.FileManager  - Add location: ClassLoaderLocator
[main] DEBUG org.apache.jena.riot.system.stream.JenaIOEnvironment  - Failed to find configuration: location-mapping.ttl;location-mapping.rdf;location-mapping.n3;etc/location-mapping.rdf;etc/location-mapping.n3;etc/location-mapping.ttl
[main] DEBUG org.apache.jena.info  - System architecture: 64 bit
[main] DEBUG org.apache.jena.info  - System architecture: 64 bit
[main] DEBUG org.apache.jena.util.FileManager  - Add location: LocatorFile
[main] DEBUG org.apache.jena.util.FileManager  - Add location: ClassLoaderLocator
[main] DEBUG org.apache.jena.util.LocationMapper  - Failed to find configuration: file:location-mapping.rdf;file:location-mapping.n3;file:location-mapping.ttl;file:etc/location-mapping.rdf;file:etc/location-mapping.n3;file:etc/location-mapping.ttl
[main] DEBUG org.apache.jena.util.FileManager  - Add location: LocatorFile
[main] DEBUG org.apache.jena.util.FileManager  - Add location: LocatorURL
[main] DEBUG org.apache.jena.util.FileManager  - Add location: ClassLoaderLocator
[main] DEBUG org.apache.jena.riot.system.stream.JenaIOEnvironment  - Failed to find configuration: location-mapping.ttl;location-mapping.rdf;location-mapping.n3;etc/location-mapping.rdf;etc/location-mapping.n3;etc/location-mapping.ttl
[main] DEBUG org.apache.jena.info  - System architecture: 64 bit
[main] DEBUG org.apache.jena.info  - System architecture: 64 bit
[main] DEBUG org.apache.jena.util.FileManager  - Add location: LocatorFile
[main] DEBUG org.apache.jena.util.FileManager  - Add location: ClassLoaderLocator
[main] DEBUG org.apache.jena.util.LocationMapper  - Failed to find configuration: file:location-mapping.rdf;file:location-mapping.n3;file:location-mapping.ttl;file:etc/location-mapping.rdf;file:etc/location-mapping.n3;file:etc/location-mapping.ttl
[main] DEBUG org.apache.jena.util.FileManager  - Add location: LocatorFile
[main] DEBUG org.apache.jena.util.FileManager  - Add location: LocatorURL
[main] DEBUG org.apache.jena.util.FileManager  - Add location: ClassLoaderLocator
[main] DEBUG org.apache.jena.riot.system.stream.JenaIOEnvironment  - Failed to find configuration: location-mapping.ttl;location-mapping.rdf;location-mapping.n3;etc/location-mapping.rdf;etc/location-mapping.n3;etc/location-mapping.ttl
[main] DEBUG org.apache.jena.info  - System architecture: 64 bit
[main] DEBUG org.apache.jena.info  - System architecture: 64 bit
[main] DEBUG org.apache.jena.util.FileManager  - Add location: LocatorFile
[main] DEBUG org.apache.jena.util.FileManager  - Add location: ClassLoaderLocator
[main] DEBUG org.apache.jena.util.LocationMapper  - Failed to find configuration: file:location-mapping.rdf;file:location-mapping.n3;file:location-mapping.ttl;file:etc/location-mapping.rdf;file:etc/location-mapping.n3;file:etc/location-mapping.ttl
[main] DEBUG org.apache.jena.util.FileManager  - Add location: LocatorFile
[main] DEBUG org.apache.jena.util.FileManager  - Add location: LocatorURL
[main] DEBUG org.apache.jena.util.FileManager  - Add location: ClassLoaderLocator
[main] DEBUG org.apache.jena.riot.system.stream.JenaIOEnvironment  - Failed to find configuration: location-mapping.ttl;location-mapping.rdf;location-mapping.n3;etc/location-mapping.rdf;etc/location-mapping.n3;etc/location-mapping.ttl
[main] DEBUG org.apache.jena.info  - System architecture: 64 bit
[main] DEBUG org.apache.jena.info  - System architecture: 64 bit
[main] DEBUG org.apache.jena.util.FileManager  - Add location: LocatorFile
[main] DEBUG org.apache.jena.util.FileManager  - Add location: ClassLoaderLocator
[main] DEBUG org.apache.jena.util.LocationMapper  - Failed to find configuration: file:location-mapping.rdf;file:location-mapping.n3;file:location-mapping.ttl;file:etc/location-mapping.rdf;file:etc/location-mapping.n3;file:etc/location-mapping.ttl
[main] DEBUG org.apache.jena.util.FileManager  - Add location: LocatorFile
[main] DEBUG org.apache.jena.util.FileManager  - Add location: LocatorURL
[main] DEBUG org.apache.jena.util.FileManager  - Add location: ClassLoaderLocator
[main] DEBUG org.apache.jena.riot.system.stream.JenaIOEnvironment  - Failed to find configuration: location-mapping.ttl;location-mapping.rdf;location-mapping.n3;etc/location-mapping.rdf;etc/location-mapping.n3;etc/location-mapping.ttl
[main] DEBUG org.apache.jena.info  - System architecture: 64 bit
[main] DEBUG org.apache.jena.info  - System architecture: 64 bit
[main] DEBUG org.apache.jena.util.FileManager  - Add location: LocatorFile
[main] DEBUG org.apache.jena.util.FileManager  - Add location: ClassLoaderLocator
[main] DEBUG org.apache.jena.util.LocationMapper  - Failed to find configuration: file:location-mapping.rdf;file:location-mapping.n3;file:location-mapping.ttl;file:etc/location-mapping.rdf;file:etc/location-mapping.n3;file:etc/location-mapping.ttl
[main] DEBUG org.apache.jena.util.FileManager  - Add location: LocatorFile
[main] DEBUG org.apache.jena.util.FileManager  - Add location: LocatorURL
[main] DEBUG org.apache.jena.util.FileManager  - Add location: ClassLoaderLocator
[main] DEBUG org.apache.jena.riot.system.stream.JenaIOEnvironment  - Failed to find configuration: location-mapping.ttl;location-mapping.rdf;location-mapping.n3;etc/location-mapping.rdf;etc/location-mapping.n3;etc/location-mapping.ttl
[main] DEBUG org.apache.jena.info  - System architecture: 64 bit
[main] DEBUG org.apache.jena.info  - System architecture: 64 bit
[main] DEBUG org.apache.jena.util.FileManager  - Add location: LocatorFile
[main] DEBUG org.apache.jena.util.FileManager  - Add location: ClassLoaderLocator
[main] DEBUG org.apache.jena.util.LocationMapper  - Failed to find configuration: file:location-mapping.rdf;file:location-mapping.n3;file:location-mapping.ttl;file:etc/location-mapping.rdf;file:etc/location-mapping.n3;file:etc/location-mapping.ttl
[main] DEBUG org.apache.jena.util.FileManager  - Add location: LocatorFile
[main] DEBUG org.apache.jena.util.FileManager  - Add location: LocatorURL
[main] DEBUG org.apache.jena.util.FileManager  - Add location: ClassLoaderLocator
[main] DEBUG org.apache.jena.riot.system.stream.JenaIOEnvironment  - Failed to find configuration: location-mapping.ttl;location-mapping.rdf;location-mapping.n3;etc/location-mapping.rdf;etc/location-mapping.n3;etc/location-mapping.ttl
[main] DEBUG org.apache.jena.info  - System architecture: 64 bit
[main] DEBUG org.apache.jena.info  - System architecture: 64 bit
[main] DEBUG org.apache.jena.util.FileManager  - Add location: LocatorFile
[main] DEBUG org.apache.jena.util.FileManager  - Add location: ClassLoaderLocator
[main] DEBUG org.apache.jena.util.LocationMapper  - Failed to find configuration: file:location-mapping.rdf;file:location-mapping.n3;file:location-mapping.ttl;file:etc/location-mapping.rdf;file:etc/location-mapping.n3;file:etc/location-mapping.ttl
[main] DEBUG org.apache.jena.util.FileManager  - Add location: LocatorFile
[main] DEBUG org.apache.jena.util.FileManager  - Add location: LocatorURL
[main] DEBUG org.apache.jena.util.FileManager  - Add location: ClassLoaderLocator
[main] DEBUG org.apache.jena.riot.system.stream.JenaIOEnvironment  - Failed to find configuration: location-mapping.ttl;location-mapping.rdf;location-mapping.n3;etc/location-mapping.rdf;etc/location-mapping.n3;etc/location-mapping.ttl
[main] DEBUG org.apache.jena.info  - System architecture: 64 bit
[main] DEBUG org.apache.jena.info  - System architecture: 64 bit
[main] DEBUG org.apache.jena.util.FileManager  - Add location: LocatorFile
[main] DEBUG org.apache.jena.util.FileManager  - Add location: ClassLoaderLocator
[main] DEBUG org.apache.jena.util.LocationMapper  - Failed to find configuration: file:location-mapping.rdf;file:location-mapping.n3;file:location-mapping.ttl;file:etc/location-mapping.rdf;file:etc/location-mapping.n3;file:etc/location-mapping.ttl
[main] DEBUG org.apache.jena.util.FileManager  - Add location: LocatorFile
[main] DEBUG org.apache.jena.util.FileManager  - Add location: LocatorURL
[main] DEBUG org.apache.jena.util.FileManager  - Add location: ClassLoaderLocator
[main] DEBUG org.apache.jena.riot.system.stream.JenaIOEnvironment  - Failed to find configuration: location-mapping.ttl;location-mapping.rdf;location-mapping.n3;etc/location-mapping.rdf;etc/location-mapping.n3;etc/location-mapping.ttl
[main] DEBUG org.apache.jena.info  - System architecture: 64 bit
[main] DEBUG org.apache.jena.info  - System architecture: 64 bit
[main] DEBUG org.apache.jena.util.FileManager  - Add location: LocatorFile
[main] DEBUG org.apache.jena.util.FileManager  - Add location: ClassLoaderLocator
[main] DEBUG org.apache.jena.util.LocationMapper  - Failed to find configuration: file:location-mapping.rdf;file:location-mapping.n3;file:location-mapping.ttl;file:etc/location-mapping.rdf;file:etc/location-mapping.n3;file:etc/location-mapping.ttl
[main] DEBUG org.apache.jena.util.FileManager  - Add location: LocatorFile
[main] DEBUG org.apache.jena.util.FileManager  - Add location: LocatorURL
[main] DEBUG org.apache.jena.util.FileManager  - Add location: ClassLoaderLocator
[main] DEBUG org.apache.jena.riot.system.stream.JenaIOEnvironment  - Failed to find configuration: location-mapping.ttl;location-mapping.rdf;location-mapping.n3;etc/location-mapping.rdf;etc/location-mapping.n3;etc/location-mapping.ttl
[main] DEBUG org.apache.jena.info  - System architecture: 64 bit
[main] DEBUG org.apache.jena.info  - System architecture: 64 bit
[main] DEBUG org.apache.jena.util.FileManager  - Add location: LocatorFile
[main] DEBUG org.apache.jena.util.FileManager  - Add location: ClassLoaderLocator
[main] DEBUG org.apache.jena.util.LocationMapper  - Failed to find configuration: file:location-mapping.rdf;file:location-mapping.n3;file:location-mapping.ttl;file:etc/location-mapping.rdf;file:etc/location-mapping.n3;file:etc/location-mapping.ttl
[main] DEBUG org.apache.jena.util.FileManager  - Add location: LocatorFile
[main] DEBUG org.apache.jena.util.FileManager  - Add location: LocatorURL
[main] DEBUG org.apache.jena.util.FileManager  - Add location: ClassLoaderLocator
[main] DEBUG org.apache.jena.riot.system.stream.JenaIOEnvironment  - Failed to find configuration: location-mapping.ttl;location-mapping.rdf;location-mapping.n3;etc/location-mapping.rdf;etc/location-mapping.n3;etc/location-mapping.ttl
[main] DEBUG org.apache.jena.info  - System architecture: 64 bit
[main] DEBUG org.apache.jena.info  - System architecture: 64 bit
[main] DEBUG org.apache.jena.util.FileManager  - Add location: LocatorFile
[main] DEBUG org.apache.jena.util.FileManager  - Add location: ClassLoaderLocator
[main] DEBUG org.apache.jena.util.LocationMapper  - Failed to find configuration: file:location-mapping.rdf;file:location-mapping.n3;file:location-mapping.ttl;file:etc/location-mapping.rdf;file:etc/location-mapping.n3;file:etc/location-mapping.ttl
[main] DEBUG org.apache.jena.util.FileManager  - Add location: LocatorFile
[main] DEBUG org.apache.jena.util.FileManager  - Add location: LocatorURL
[main] DEBUG org.apache.jena.util.FileManager  - Add location: ClassLoaderLocator
[main] DEBUG org.apache.jena.riot.system.stream.JenaIOEnvironment  - Failed to find configuration: location-mapping.ttl;location-mapping.rdf;location-mapping.n3;etc/location-mapping.rdf;etc/location-mapping.n3;etc/location-mapping.ttl
[main] DEBUG org.apache.jena.info  - System architecture: 64 bit
[main] DEBUG org.apache.jena.info  - System architecture: 64 bit
[main] DEBUG org.apache.jena.util.FileManager  - Add location: LocatorFile
[main] DEBUG org.apache.jena.util.FileManager  - Add location: ClassLoaderLocator
[main] DEBUG org.apache.jena.util.LocationMapper  - Failed to find configuration: file:location-mapping.rdf;file:location-mapping.n3;file:location-mapping.ttl;file:etc/location-mapping.rdf;file:etc/location-mapping.n3;file:etc/location-mapping.ttl
[main] DEBUG org.apache.jena.util.FileManager  - Add location: LocatorFile
[main] DEBUG org.apache.jena.util.FileManager  - Add location: LocatorURL
[main] DEBUG org.apache.jena.util.FileManager  - Add location: ClassLoaderLocator
[main] DEBUG org.apache.jena.riot.system.stream.JenaIOEnvironment  - Failed to find configuration: location-mapping.ttl;location-mapping.rdf;location-mapping.n3;etc/location-mapping.rdf;etc/location-mapping.n3;etc/location-mapping.ttl
[main] DEBUG org.apache.jena.info  - System architecture: 64 bit
[main] DEBUG org.apache.jena.info  - System architecture: 64 bit
[main] DEBUG org.apache.jena.util.FileManager  - Add location: LocatorFile
[main] DEBUG org.apache.jena.util.FileManager  - Add location: ClassLoaderLocator
[main] DEBUG org.apache.jena.util.LocationMapper  - Failed to find configuration: file:location-mapping.rdf;file:location-mapping.n3;file:location-mapping.ttl;file:etc/location-mapping.rdf;file:etc/location-mapping.n3;file:etc/location-mapping.ttl
[main] DEBUG org.apache.jena.util.FileManager  - Add location: LocatorFile
[main] DEBUG org.apache.jena.util.FileManager  - Add location: LocatorURL
[main] DEBUG org.apache.jena.util.FileManager  - Add location: ClassLoaderLocator
[main] DEBUG org.apache.jena.riot.system.stream.JenaIOEnvironment  - Failed to find configuration: location-mapping.ttl;location-mapping.rdf;location-mapping.n3;etc/location-mapping.rdf;etc/location-mapping.n3;etc/location-mapping.ttl
[main] DEBUG org.apache.jena.info  - System architecture: 64 bit
[main] DEBUG org.apache.jena.info  - System architecture: 64 bit
[main] DEBUG org.apache.jena.util.FileManager  - Add location: LocatorFile
[main] DEBUG org.apache.jena.util.FileManager  - Add location: ClassLoaderLocator
[main] DEBUG org.apache.jena.util.LocationMapper  - Failed to find configuration: file:location-mapping.rdf;file:location-mapping.n3;file:location-mapping.ttl;file:etc/location-mapping.rdf;file:etc/location-mapping.n3;file:etc/location-mapping.ttl
[main] DEBUG org.apache.jena.util.FileManager  - Add location: LocatorFile
[main] DEBUG org.apache.jena.util.FileManager  - Add location: LocatorURL
[main] DEBUG org.apache.jena.util.FileManager  - Add location: ClassLoaderLocator
[main] DEBUG org.apache.jena.riot.system.stream.JenaIOEnvironment  - Failed to find configuration: location-mapping.ttl;location-mapping.rdf;location-mapping.n3;etc/location-mapping.rdf;etc/location-mapping.n3;etc/location-mapping.ttl
[main] DEBUG org.apache.jena.info  - System architecture: 64 bit
[main] DEBUG org.apache.jena.info  - System architecture: 64 bit
[main] DEBUG org.apache.jena.util.FileManager  - Add location: LocatorFile
[main] DEBUG org.apache.jena.util.FileManager  - Add location: ClassLoaderLocator
[main] DEBUG org.apache.jena.util.LocationMapper  - Failed to find configuration: file:location-mapping.rdf;file:location-mapping.n3;file:location-mapping.ttl;file:etc/location-mapping.rdf;file:etc/location-mapping.n3;file:etc/location-mapping.ttl
[main] DEBUG org.apache.jena.util.FileManager  - Add location: LocatorFile
[main] DEBUG org.apache.jena.util.FileManager  - Add location: LocatorURL
[main] DEBUG org.apache.jena.util.FileManager  - Add location: ClassLoaderLocator
[main] DEBUG org.apache.jena.riot.system.stream.JenaIOEnvironment  - Failed to find configuration: location-mapping.ttl;location-mapping.rdf;location-mapping.n3;etc/location-mapping.rdf;etc/location-mapping.n3;etc/location-mapping.ttl
[main] DEBUG org.apache.jena.info  - System architecture: 64 bit
[main] DEBUG org.apache.jena.info  - System architecture: 64 bit
[main] DEBUG org.apache.jena.util.FileManager  - Add location: LocatorFile
[main] DEBUG org.apache.jena.util.FileManager  - Add location: ClassLoaderLocator
[main] DEBUG org.apache.jena.util.LocationMapper  - Failed to find configuration: file:location-mapping.rdf;file:location-mapping.n3;file:location-mapping.ttl;file:etc/location-mapping.rdf;file:etc/location-mapping.n3;file:etc/location-mapping.ttl
[main] DEBUG org.apache.jena.util.FileManager  - Add location: LocatorFile
[main] DEBUG org.apache.jena.util.FileManager  - Add location: LocatorURL
[main] DEBUG org.apache.jena.util.FileManager  - Add location: ClassLoaderLocator
[main] DEBUG org.apache.jena.riot.system.stream.JenaIOEnvironment  - Failed to find configuration: location-mapping.ttl;location-mapping.rdf;location-mapping.n3;etc/location-mapping.rdf;etc/location-mapping.n3;etc/location-mapping.ttl
[main] DEBUG org.apache.jena.info  - System architecture: 64 bit
[main] DEBUG org.apache.jena.info  - System architecture: 64 bit
[main] DEBUG org.apache.jena.util.FileManager  - Add location: LocatorFile
[main] DEBUG org.apache.jena.util.FileManager  - Add location: ClassLoaderLocator
[main] DEBUG org.apache.jena.util.LocationMapper  - Failed to find configuration: file:location-mapping.rdf;file:location-mapping.n3;file:location-mapping.ttl;file:etc/location-mapping.rdf;file:etc/location-mapping.n3;file:etc/location-mapping.ttl
[main] DEBUG org.apache.jena.util.FileManager  - Add location: LocatorFile
[main] DEBUG org.apache.jena.util.FileManager  - Add location: LocatorURL
[main] DEBUG org.apache.jena.util.FileManager  - Add location: ClassLoaderLocator
[main] DEBUG org.apache.jena.riot.system.stream.JenaIOEnvironment  - Failed to find configuration: location-mapping.ttl;location-mapping.rdf;location-mapping.n3;etc/location-mapping.rdf;etc/location-mapping.n3;etc/location-mapping.ttl
[main] DEBUG org.apache.jena.info  - System architecture: 64 bit
[main] DEBUG org.apache.jena.info  - System architecture: 64 bit
[main] DEBUG org.apache.jena.util.FileManager  - Add location: LocatorFile
[main] DEBUG org.apache.jena.util.FileManager  - Add location: ClassLoaderLocator
[main] DEBUG org.apache.jena.util.LocationMapper  - Failed to find configuration: file:location-mapping.rdf;file:location-mapping.n3;file:location-mapping.ttl;file:etc/location-mapping.rdf;file:etc/location-mapping.n3;file:etc/location-mapping.ttl
[main] DEBUG org.apache.jena.util.FileManager  - Add location: LocatorFile
[main] DEBUG org.apache.jena.util.FileManager  - Add location: LocatorURL
[main] DEBUG org.apache.jena.util.FileManager  - Add location: ClassLoaderLocator
[main] DEBUG org.apache.jena.riot.system.stream.JenaIOEnvironment  - Failed to find configuration: location-mapping.ttl;location-mapping.rdf;location-mapping.n3;etc/location-mapping.rdf;etc/location-mapping.n3;etc/location-mapping.ttl
[main] DEBUG org.apache.jena.info  - System architecture: 64 bit
[main] DEBUG org.apache.jena.info  - System architecture: 64 bit
[main] DEBUG org.apache.jena.util.FileManager  - Add location: LocatorFile
[main] DEBUG org.apache.jena.util.FileManager  - Add location: ClassLoaderLocator
[main] DEBUG org.apache.jena.util.LocationMapper  - Failed to find configuration: file:location-mapping.rdf;file:location-mapping.n3;file:location-mapping.ttl;file:etc/location-mapping.rdf;file:etc/location-mapping.n3;file:etc/location-mapping.ttl
[main] DEBUG org.apache.jena.util.FileManager  - Add location: LocatorFile
[main] DEBUG org.apache.jena.util.FileManager  - Add location: LocatorURL
[main] DEBUG org.apache.jena.util.FileManager  - Add location: ClassLoaderLocator
[main] DEBUG org.apache.jena.riot.system.stream.JenaIOEnvironment  - Failed to find configuration: location-mapping.ttl;location-mapping.rdf;location-mapping.n3;etc/location-mapping.rdf;etc/location-mapping.n3;etc/location-mapping.ttl
[main] DEBUG org.apache.jena.info  - System architecture: 64 bit
[main] DEBUG org.apache.jena.info  - System architecture: 64 bit
[main] DEBUG org.apache.jena.util.FileManager  - Add location: LocatorFile
[main] DEBUG org.apache.jena.util.FileManager  - Add location: ClassLoaderLocator
[main] DEBUG org.apache.jena.util.LocationMapper  - Failed to find configuration: file:location-mapping.rdf;file:location-mapping.n3;file:location-mapping.ttl;file:etc/location-mapping.rdf;file:etc/location-mapping.n3;file:etc/location-mapping.ttl
[main] DEBUG org.apache.jena.util.FileManager  - Add location: LocatorFile
[main] DEBUG org.apache.jena.util.FileManager  - Add location: LocatorURL
[main] DEBUG org.apache.jena.util.FileManager  - Add location: ClassLoaderLocator
[main] DEBUG org.apache.jena.riot.system.stream.JenaIOEnvironment  - Failed to find configuration: location-mapping.ttl;location-mapping.rdf;location-mapping.n3;etc/location-mapping.rdf;etc/location-mapping.n3;etc/location-mapping.ttl
[main] DEBUG org.apache.jena.info  - System architecture: 64 bit
[main] DEBUG org.apache.jena.info  - System architecture: 64 bit
[main] DEBUG org.apache.jena.util.FileManager  - Add location: LocatorFile
[main] DEBUG org.apache.jena.util.FileManager  - Add location: ClassLoaderLocator
[main] DEBUG org.apache.jena.util.LocationMapper  - Failed to find configuration: file:location-mapping.rdf;file:location-mapping.n3;file:location-mapping.ttl;file:etc/location-mapping.rdf;file:etc/location-mapping.n3;file:etc/location-mapping.ttl
[main] DEBUG org.apache.jena.util.FileManager  - Add location: LocatorFile
[main] DEBUG org.apache.jena.util.FileManager  - Add location: LocatorURL
[main] DEBUG org.apache.jena.util.FileManager  - Add location: ClassLoaderLocator
[main] DEBUG org.apache.jena.riot.system.stream.JenaIOEnvironment  - Failed to find configuration: location-mapping.ttl;location-mapping.rdf;location-mapping.n3;etc/location-mapping.rdf;etc/location-mapping.n3;etc/location-mapping.ttl
[main] DEBUG org.apache.jena.info  - System architecture: 64 bit
[main] DEBUG org.apache.jena.info  - System architecture: 64 bit
[main] DEBUG org.apache.jena.util.FileManager  - Add location: LocatorFile
[main] DEBUG org.apache.jena.util.FileManager  - Add location: ClassLoaderLocator
[main] DEBUG org.apache.jena.util.LocationMapper  - Failed to find configuration: file:location-mapping.rdf;file:location-mapping.n3;file:location-mapping.ttl;file:etc/location-mapping.rdf;file:etc/location-mapping.n3;file:etc/location-mapping.ttl
[main] DEBUG org.apache.jena.util.FileManager  - Add location: LocatorFile
[main] DEBUG org.apache.jena.util.FileManager  - Add location: LocatorURL
[main] DEBUG org.apache.jena.util.FileManager  - Add location: ClassLoaderLocator
[main] DEBUG org.apache.jena.riot.system.stream.JenaIOEnvironment  - Failed to find configuration: location-mapping.ttl;location-mapping.rdf;location-mapping.n3;etc/location-mapping.rdf;etc/location-mapping.n3;etc/location-mapping.ttl
[main] DEBUG org.apache.jena.info  - System architecture: 64 bit
[main] DEBUG org.apache.jena.info  - System architecture: 64 bit
[main] DEBUG org.apache.jena.util.FileManager  - Add location: LocatorFile
[main] DEBUG org.apache.jena.util.FileManager  - Add location: ClassLoaderLocator
[main] DEBUG org.apache.jena.util.LocationMapper  - Failed to find configuration: file:location-mapping.rdf;file:location-mapping.n3;file:location-mapping.ttl;file:etc/location-mapping.rdf;file:etc/location-mapping.n3;file:etc/location-mapping.ttl
[main] DEBUG org.apache.jena.util.FileManager  - Add location: LocatorFile
[main] DEBUG org.apache.jena.util.FileManager  - Add location: LocatorURL
[main] DEBUG org.apache.jena.util.FileManager  - Add location: ClassLoaderLocator
[main] DEBUG org.apache.jena.riot.system.stream.JenaIOEnvironment  - Failed to find configuration: location-mapping.ttl;location-mapping.rdf;location-mapping.n3;etc/location-mapping.rdf;etc/location-mapping.n3;etc/location-mapping.ttl
[main] DEBUG org.apache.jena.info  - System architecture: 64 bit
[main] DEBUG org.apache.jena.info  - System architecture: 64 bit
[main] DEBUG org.apache.jena.util.FileManager  - Add location: LocatorFile
[main] DEBUG org.apache.jena.util.FileManager  - Add location: ClassLoaderLocator
[main] DEBUG org.apache.jena.util.LocationMapper  - Failed to find configuration: file:location-mapping.rdf;file:location-mapping.n3;file:location-mapping.ttl;file:etc/location-mapping.rdf;file:etc/location-mapping.n3;file:etc/location-mapping.ttl
[main] DEBUG org.apache.jena.util.FileManager  - Add location: LocatorFile
[main] DEBUG org.apache.jena.util.FileManager  - Add location: LocatorURL
[main] DEBUG org.apache.jena.util.FileManager  - Add location: ClassLoaderLocator
[main] DEBUG org.apache.jena.riot.system.stream.JenaIOEnvironment  - Failed to find configuration: location-mapping.ttl;location-mapping.rdf;location-mapping.n3;etc/location-mapping.rdf;etc/location-mapping.n3;etc/location-mapping.ttl
[main] DEBUG org.apache.jena.info  - System architecture: 64 bit
[main] DEBUG org.apache.jena.info  - System architecture: 64 bit
[main] DEBUG org.apache.jena.util.FileManager  - Add location: LocatorFile
[main] DEBUG org.apache.jena.util.FileManager  - Add location: ClassLoaderLocator
[main] DEBUG org.apache.jena.util.LocationMapper  - Failed to find configuration: file:location-mapping.rdf;file:location-mapping.n3;file:location-mapping.ttl;file:etc/location-mapping.rdf;file:etc/location-mapping.n3;file:etc/location-mapping.ttl
[main] DEBUG org.apache.jena.util.FileManager  - Add location: LocatorFile
[main] DEBUG org.apache.jena.util.FileManager  - Add location: LocatorURL
[main] DEBUG org.apache.jena.util.FileManager  - Add location: ClassLoaderLocator
[main] DEBUG org.apache.jena.riot.system.stream.JenaIOEnvironment  - Failed to find configuration: location-mapping.ttl;location-mapping.rdf;location-mapping.n3;etc/location-mapping.rdf;etc/location-mapping.n3;etc/location-mapping.ttl
[main] DEBUG org.apache.jena.info  - System architecture: 64 bit
[main] DEBUG org.apache.jena.info  - System architecture: 64 bit
[main] DEBUG org.apache.jena.util.FileManager  - Add location: LocatorFile
[main] DEBUG org.apache.jena.util.FileManager  - Add location: ClassLoaderLocator
[main] DEBUG org.apache.jena.util.LocationMapper  - Failed to find configuration: file:location-mapping.rdf;file:location-mapping.n3;file:location-mapping.ttl;file:etc/location-mapping.rdf;file:etc/location-mapping.n3;file:etc/location-mapping.ttl
[main] DEBUG org.apache.jena.util.FileManager  - Add location: LocatorFile
[main] DEBUG org.apache.jena.util.FileManager  - Add location: LocatorURL
[main] DEBUG org.apache.jena.util.FileManager  - Add location: ClassLoaderLocator
[main] DEBUG org.apache.jena.riot.system.stream.JenaIOEnvironment  - Failed to find configuration: location-mapping.ttl;location-mapping.rdf;location-mapping.n3;etc/location-mapping.rdf;etc/location-mapping.n3;etc/location-mapping.ttl
[main] DEBUG org.apache.jena.info  - System architecture: 64 bit
[main] DEBUG org.apache.jena.info  - System architecture: 64 bit
[main] DEBUG org.apache.jena.util.FileManager  - Add location: LocatorFile
[main] DEBUG org.apache.jena.util.FileManager  - Add location: ClassLoaderLocator
[main] DEBUG org.apache.jena.util.LocationMapper  - Failed to find configuration: file:location-mapping.rdf;file:location-mapping.n3;file:location-mapping.ttl;file:etc/location-mapping.rdf;file:etc/location-mapping.n3;file:etc/location-mapping.ttl
[main] DEBUG org.apache.jena.util.FileManager  - Add location: LocatorFile
[main] DEBUG org.apache.jena.util.FileManager  - Add location: LocatorURL
[main] DEBUG org.apache.jena.util.FileManager  - Add location: ClassLoaderLocator
[main] DEBUG org.apache.jena.riot.system.stream.JenaIOEnvironment  - Failed to find configuration: location-mapping.ttl;location-mapping.rdf;location-mapping.n3;etc/location-mapping.rdf;etc/location-mapping.n3;etc/location-mapping.ttl
[main] DEBUG org.apache.jena.info  - System architecture: 64 bit
[main] DEBUG org.apache.jena.info  - System architecture: 64 bit
[main] DEBUG org.apache.jena.util.FileManager  - Add location: LocatorFile
[main] DEBUG org.apache.jena.util.FileManager  - Add location: ClassLoaderLocator
[main] DEBUG org.apache.jena.util.LocationMapper  - Failed to find configuration: file:location-mapping.rdf;file:location-mapping.n3;file:location-mapping.ttl;file:etc/location-mapping.rdf;file:etc/location-mapping.n3;file:etc/location-mapping.ttl
[main] DEBUG org.apache.jena.util.FileManager  - Add location: LocatorFile
[main] DEBUG org.apache.jena.util.FileManager  - Add location: LocatorURL
[main] DEBUG org.apache.jena.util.FileManager  - Add location: ClassLoaderLocator
[main] DEBUG org.apache.jena.riot.system.stream.JenaIOEnvironment  - Failed to find configuration: location-mapping.ttl;location-mapping.rdf;location-mapping.n3;etc/location-mapping.rdf;etc/location-mapping.n3;etc/location-mapping.ttl
[main] DEBUG org.apache.jena.info  - System architecture: 64 bit
[main] DEBUG org.apache.jena.info  - System architecture: 64 bit
[main] DEBUG org.apache.jena.util.FileManager  - Add location: LocatorFile
[main] DEBUG org.apache.jena.util.FileManager  - Add location: ClassLoaderLocator
[main] DEBUG org.apache.jena.util.LocationMapper  - Failed to find configuration: file:location-mapping.rdf;file:location-mapping.n3;file:location-mapping.ttl;file:etc/location-mapping.rdf;file:etc/location-mapping.n3;file:etc/location-mapping.ttl
[main] DEBUG org.apache.jena.util.FileManager  - Add location: LocatorFile
[main] DEBUG org.apache.jena.util.FileManager  - Add location: LocatorURL
[main] DEBUG org.apache.jena.util.FileManager  - Add location: ClassLoaderLocator
[main] DEBUG org.apache.jena.riot.system.stream.JenaIOEnvironment  - Failed to find configuration: location-mapping.ttl;location-mapping.rdf;location-mapping.n3;etc/location-mapping.rdf;etc/location-mapping.n3;etc/location-mapping.ttl
[main] DEBUG org.apache.jena.info  - System architecture: 64 bit
[main] DEBUG org.apache.jena.info  - System architecture: 64 bit
[main] DEBUG org.apache.jena.util.FileManager  - Add location: LocatorFile
[main] DEBUG org.apache.jena.util.FileManager  - Add location: ClassLoaderLocator
[main] DEBUG org.apache.jena.util.LocationMapper  - Failed to find configuration: file:location-mapping.rdf;file:location-mapping.n3;file:location-mapping.ttl;file:etc/location-mapping.rdf;file:etc/location-mapping.n3;file:etc/location-mapping.ttl
[main] DEBUG org.apache.jena.util.FileManager  - Add location: LocatorFile
[main] DEBUG org.apache.jena.util.FileManager  - Add location: LocatorURL
[main] DEBUG org.apache.jena.util.FileManager  - Add location: ClassLoaderLocator
[main] DEBUG org.apache.jena.riot.system.stream.JenaIOEnvironment  - Failed to find configuration: location-mapping.ttl;location-mapping.rdf;location-mapping.n3;etc/location-mapping.rdf;etc/location-mapping.n3;etc/location-mapping.ttl
[main] DEBUG org.apache.jena.info  - System architecture: 64 bit
[main] DEBUG org.apache.jena.info  - System architecture: 64 bit
[main] DEBUG org.apache.jena.util.FileManager  - Add location: LocatorFile
[main] DEBUG org.apache.jena.util.FileManager  - Add location: ClassLoaderLocator
[main] DEBUG org.apache.jena.util.LocationMapper  - Failed to find configuration: file:location-mapping.rdf;file:location-mapping.n3;file:location-mapping.ttl;file:etc/location-mapping.rdf;file:etc/location-mapping.n3;file:etc/location-mapping.ttl
[main] DEBUG org.apache.jena.util.FileManager  - Add location: LocatorFile
[main] DEBUG org.apache.jena.util.FileManager  - Add location: LocatorURL
[main] DEBUG org.apache.jena.util.FileManager  - Add location: ClassLoaderLocator
[main] DEBUG org.apache.jena.riot.system.stream.JenaIOEnvironment  - Failed to find configuration: location-mapping.ttl;location-mapping.rdf;location-mapping.n3;etc/location-mapping.rdf;etc/location-mapping.n3;etc/location-mapping.ttl
[main] DEBUG org.apache.jena.info  - System architecture: 64 bit
[main] DEBUG org.apache.jena.info  - System architecture: 64 bit
[main] DEBUG org.apache.jena.util.FileManager  - Add location: LocatorFile
[main] DEBUG org.apache.jena.util.FileManager  - Add location: ClassLoaderLocator
[main] DEBUG org.apache.jena.util.LocationMapper  - Failed to find configuration: file:location-mapping.rdf;file:location-mapping.n3;file:location-mapping.ttl;file:etc/location-mapping.rdf;file:etc/location-mapping.n3;file:etc/location-mapping.ttl
[main] DEBUG org.apache.jena.util.FileManager  - Add location: LocatorFile
[main] DEBUG org.apache.jena.util.FileManager  - Add location: LocatorURL
[main] DEBUG org.apache.jena.util.FileManager  - Add location: ClassLoaderLocator
[main] DEBUG org.apache.jena.riot.system.stream.JenaIOEnvironment  - Failed to find configuration: location-mapping.ttl;location-mapping.rdf;location-mapping.n3;etc/location-mapping.rdf;etc/location-mapping.n3;etc/location-mapping.ttl
[main] DEBUG org.apache.jena.info  - System architecture: 64 bit
[main] DEBUG org.apache.jena.info  - System architecture: 64 bit
